Build started 1/5/2015 11:23:42 AM.
     1>Project "C:\Users\Chase\documents\visual studio 2013\Projects\Qix\Qix\Qix.vcxproj" on node 2 (Build target(s)).
     1>ClCompile:
         C:\Program Files (x86)\Microsoft Visual Studio 12.0\VC\bin\CL.exe /c /I"C:\Users\Chase\documents\visual studio 2013\Projects\Qix\\SFML-2.1\include" /ZI /nologo /W3 /WX- /Od /Oy- /D WIN32 /D _DEBUG /D _CONSOLE /D _LIB /D _UNICODE /D UNICODE /Gm /EHsc /RTC1 /MDd /GS /fp:precise /Zc:wchar_t /Zc:forScope /Fo"Debug\\" /Fd"Debug\vc120.pdb" /Gd /TP /analyze- /errorReport:prompt Stix.cpp
         Stix.cpp
     1>c:\users\chase\documents\visual studio 2013\projects\qix\qix\stix.cpp(10): warning C4244: 'initializing' : conversion from 'double' to 'float', possible loss of data
     1>c:\users\chase\documents\visual studio 2013\projects\qix\qix\stix.cpp(88): warning C4018: '<' : signed/unsigned mismatch
     1>c:\users\chase\documents\visual studio 2013\projects\qix\qix\stix.cpp(334): warning C4018: '<' : signed/unsigned mismatch
     1>c:\users\chase\documents\visual studio 2013\projects\qix\qix\stix.cpp(361): warning C4018: '<' : signed/unsigned mismatch
       Link:
         C:\Program Files (x86)\Microsoft Visual Studio 12.0\VC\bin\link.exe /ERRORREPORT:PROMPT /OUT:"C:\Users\Chase\documents\visual studio 2013\Projects\Qix\Debug\Qix.exe" /INCREMENTAL /NOLOGO /LIBPATH:"C:\Users\Chase\documents\visual studio 2013\Projects\Qix\\SFML-2.1\lib" "sfml-main-d.lib" "sfml-graphics-d.lib" "sfml-window-d.lib" "sfml-system-d.lib" "sfml-audio-d.lib" "sfml-network-d.lib" kernel32.lib user32.lib gdi32.lib winspool.lib comdlg32.lib advapi32.lib shell32.lib ole32.lib oleaut32.lib uuid.lib odbc32.lib odbccp32.lib /MANIFEST /MANIFESTUAC:"level='asInvoker' uiAccess='false'" /manifest:embed /DEBUG /PDB:"C:\Users\Chase\documents\visual studio 2013\Projects\Qix\Debug\Qix.pdb" /SUBSYSTEM:CONSOLE /TLBID:1 /DYNAMICBASE /NXCOMPAT /IMPLIB:"C:\Users\Chase\documents\visual studio 2013\Projects\Qix\Debug\Qix.lib" /MACHINE:X86 Debug\Game.obj
         Debug\Input.obj
         Debug\Intersection.obj
         Debug\Keyboard.obj
         Debug\Level.obj
         Debug\Main.obj
         Debug\Stix.obj
         Qix.vcxproj -> C:\Users\Chase\documents\visual studio 2013\Projects\Qix\Debug\Qix.exe
     1>Done Building Project "C:\Users\Chase\documents\visual studio 2013\Projects\Qix\Qix\Qix.vcxproj" (Build target(s)).

Build succeeded.

Time Elapsed 00:00:01.06
