Build started 1/5/2015 9:55:31 AM.
     1>Project "C:\Users\Chase\documents\visual studio 2013\Projects\Qix\Qix\Qix.vcxproj" on node 2 (Build target(s)).
     1>ClCompile:
         C:\Program Files (x86)\Microsoft Visual Studio 12.0\VC\bin\CL.exe /c /I"C:\Users\Chase\documents\visual studio 2013\Projects\Qix\\SFML-2.1\include" /Zi /nologo /W3 /WX- /O2 /Oi /Oy- /GL /D WIN32 /D NDEBUG /D _CONSOLE /D _LIB /D _UNICODE /D UNICODE /Gm- /EHsc /MD /GS /Gy /fp:precise /Zc:wchar_t /Zc:forScope /Fo"Release\\" /Fd"Release\vc120.pdb" /Gd /TP /analyze- /errorReport:prompt Level.cpp
         Level.cpp
     1>Level.cpp(30): warning C4244: 'initializing' : conversion from 'int' to 'float', possible loss of data
     1>Level.cpp(31): warning C4244: 'initializing' : conversion from 'int' to 'float', possible loss of data
     1>Level.cpp(77): warning C4018: '<' : signed/unsigned mismatch
     1>Level.cpp(126): warning C4018: '<' : signed/unsigned mismatch
     1>Level.cpp(129): warning C4018: '<' : signed/unsigned mismatch
     1>Level.cpp(131): warning C4018: '<' : signed/unsigned mismatch
     1>Level.cpp(174): warning C4018: '<' : signed/unsigned mismatch
     1>Level.cpp(193): warning C4244: 'argument' : conversion from 'int' to 'float', possible loss of data
     1>Level.cpp(195): warning C4018: '<' : signed/unsigned mismatch
     1>Level.cpp(196): warning C4018: '<' : signed/unsigned mismatch
     1>Level.cpp(198): warning C4244: 'argument' : conversion from 'int' to 'float', possible loss of data
     1>Level.cpp(203): warning C4244: 'argument' : conversion from 'int' to 'float', possible loss of data
     1>Level.cpp(209): warning C4018: '<' : signed/unsigned mismatch
       Link:
         C:\Program Files (x86)\Microsoft Visual Studio 12.0\VC\bin\link.exe /ERRORREPORT:PROMPT /OUT:"C:\Users\Chase\documents\visual studio 2013\Projects\Qix\Release\Qix.exe" /INCREMENTAL:NO /NOLOGO /LIBPATH:"C:\Users\Chase\documents\visual studio 2013\Projects\Qix\\SFML-2.1\lib" "sfml-main-d.lib" "sfml-graphics-d.lib" "sfml-window-d.lib" "sfml-system-d.lib" "sfml-audio-d.lib" "sfml-network-d.lib" kernel32.lib user32.lib gdi32.lib winspool.lib comdlg32.lib advapi32.lib shell32.lib ole32.lib oleaut32.lib uuid.lib odbc32.lib odbccp32.lib /MANIFEST /MANIFESTUAC:"level='asInvoker' uiAccess='false'" /manifest:embed /DEBUG /PDB:"C:\Users\Chase\documents\visual studio 2013\Projects\Qix\Release\Qix.pdb" /SUBSYSTEM:CONSOLE /OPT:REF /OPT:ICF /LTCG /TLBID:1 /DYNAMICBASE /NXCOMPAT /IMPLIB:"C:\Users\Chase\documents\visual studio 2013\Projects\Qix\Release\Qix.lib" /MACHINE:X86 /SAFESEH Release\Game.obj
         Release\Input.obj
         Release\Intersection.obj
         Release\Keyboard.obj
         Release\Level.obj
         Release\Main.obj
         Release\Stix.obj
         Generating code
     1>c:\users\chase\documents\visual studio 2013\projects\qix\qix\intersection.cpp(32): warning C4715: 'Intersection::getVertical' : not all control paths return a value
     1>c:\users\chase\documents\visual studio 2013\projects\qix\qix\intersection.cpp(25): warning C4715: 'Intersection::getHorizontal' : not all control paths return a value
     1>c:\users\chase\documents\visual studio 2013\projects\qix\qix\input.cpp(53): warning C4715: 'Input::isCommandActive' : not all control paths return a value
         Finished generating code
         Qix.vcxproj -> C:\Users\Chase\documents\visual studio 2013\Projects\Qix\Release\Qix.exe
     1>Done Building Project "C:\Users\Chase\documents\visual studio 2013\Projects\Qix\Qix\Qix.vcxproj" (Build target(s)).

Build succeeded.

Time Elapsed 00:00:01.72
